<?xml version="1.0" encoding="UTF-8"?>
<!-- Generated by org.testng.reporters.JUnitReportReporter -->
<testsuite hostname="VikasGidwani" failures="0" tests="1" name="scripts.AdminTest" time="18.697" errors="0" timestamp="21 Sept 2023 08:05:50 GMT" skipped="0">
  <testcase classname="scripts.AdminTest" name="TC_01_Admin_CreateNewUser" time="18.697"/>
</testsuite> <!-- scripts.AdminTest -->
