<?xml version="1.0" encoding="UTF-8"?>
<!-- Generated by org.testng.reporters.JUnitReportReporter -->
<testsuite hostname="VikasGidwani" failures="0" tests="1" name="scripts.LoginTest" time="17.148" errors="0" timestamp="21 Sept 2023 08:00:27 GMT" skipped="0">
  <testcase classname="scripts.LoginTest" name="TC_01_LoginTest" time="17.148"/>
</testsuite> <!-- scripts.LoginTest -->
